\BOOKMARK [0][-]{section*.2}{\376\377\144\130\000\040\211\201}{}% 1
\BOOKMARK [0][-]{section*.4}{Abstract}{}% 2
\BOOKMARK [0][-]{section*.5}{\376\377\166\356\000\040\137\125}{}% 3
\BOOKMARK [0][-]{section*.7}{\376\377\126\376\137\142\122\027\210\150}{}% 4
\BOOKMARK [0][-]{section*.9}{\376\377\210\150\150\074\122\027\210\150}{}% 5
\BOOKMARK [0][-]{chapter.1}{\376\377\173\054\0001\172\340\000\040\000\040\176\352\213\272}{}% 6
\BOOKMARK [1][-]{section.1.1}{\376\377\0001\000.\0001\000\040\170\024\172\166\200\314\146\157\123\312\141\017\116\111}{chapter.1}% 7
\BOOKMARK [1][-]{section.1.2}{\376\377\0001\000.\0002\000\040\170\024\172\166\163\260\162\266}{chapter.1}% 8
\BOOKMARK [2][-]{subsection.1.2.1}{\376\377\0001\000.\0002\000.\0001\000\040\131\015\147\102\177\121\176\334\155\367\154\214\060\001\124\014\153\145\122\250\122\233\133\146\170\024\172\166\163\260\162\266}{section.1.2}% 9
\BOOKMARK [2][-]{subsection.1.2.2}{\376\377\0001\000.\0002\000.\0002\000\040\117\341\123\367\166\204\172\000\165\217\221\315\147\204\170\024\172\166\163\260\162\266}{section.1.2}% 10
\BOOKMARK [1][-]{section.1.3}{\376\377\0001\000.\0003\000\040\147\054\145\207\116\073\211\201\135\345\117\134\124\214\213\272\145\207\176\323\147\204}{chapter.1}% 11
\BOOKMARK [0][-]{chapter.2}{\376\377\173\054\0002\172\340\000\040\000\040\127\372\170\100\164\006\213\272}{}% 12
\BOOKMARK [1][-]{section.2.1}{\376\377\0002\000.\0001\000\040\131\015\147\102\177\121\176\334\127\372\147\054\151\202\137\365}{chapter.2}% 13
\BOOKMARK [2][-]{subsection.2.1.1}{\376\377\0002\000.\0001\000.\0001\000\040\126\376\213\272\166\204\127\372\147\054\167\345\213\306}{section.2.1}% 14
\BOOKMARK [2][-]{subsection.2.1.2}{\376\377\0002\000.\0001\000.\0002\000\040\211\304\122\031\177\121\176\334}{section.2.1}% 15
\BOOKMARK [2][-]{subsection.2.1.3}{\376\377\0002\000.\0001\000.\0003\000\040\131\015\147\102\177\121\176\334}{section.2.1}% 16
\BOOKMARK [1][-]{section.2.2}{\376\377\0002\000.\0002\000\040\227\136\176\277\140\047\174\373\176\337\166\204\172\063\133\232\140\047\124\214\155\367\154\214}{chapter.2}% 17
\BOOKMARK [2][-]{subsection.2.2.1}{\376\377\0002\000.\0002\000.\0001\000\040\227\136\176\277\140\047\174\373\176\337\166\204\172\063\133\232\140\047}{section.2.2}% 18
\BOOKMARK [2][-]{subsection.2.2.2}{\376\377\0002\000.\0002\000.\0002\000\040\155\367\154\214\127\372\147\054\164\006\213\272}{section.2.2}% 19
\BOOKMARK [1][-]{section.2.3}{\376\377\0002\000.\0003\000\040\131\015\147\102\177\121\176\334\166\204\124\014\153\145}{chapter.2}% 20
\BOOKMARK [1][-]{section.2.4}{\376\377\0002\000.\0004\000\040\172\000\165\217\221\315\147\204\127\372\147\054\164\006\213\272\124\214\173\227\154\325}{chapter.2}% 21
\BOOKMARK [2][-]{subsection.2.4.1}{\376\377\0002\000.\0004\000.\0001\000\040\172\000\165\217\221\315\147\204\127\372\147\054\164\006\213\272}{section.2.4}% 22
\BOOKMARK [2][-]{subsection.2.4.2}{\376\377\0002\000.\0004\000.\0002\000\040\172\000\165\217\221\315\147\204\173\227\154\325}{section.2.4}% 23
\BOOKMARK [1][-]{section.2.5}{\376\377\0002\000.\0005\000\040\134\017\176\323}{chapter.2}% 24
\BOOKMARK [0][-]{chapter.3}{\376\377\173\054\0003\172\340\000\040\000\040\134\017\116\026\165\114\131\015\147\102\177\121\176\334\166\204\155\367\154\214\060\001\124\014\153\145\122\250\122\233\133\146}{}% 25
\BOOKMARK [1][-]{section.3.1}{\376\377\0003\000.\0001\000\040\000D\000u\000f\000f\000i\000n\000g\000-\000W\000S\127\213\134\017\116\026\165\114\177\121\176\334\127\372\147\054\152\041\127\213}{chapter.3}% 26
\BOOKMARK [1][-]{section.3.2}{\376\377\0003\000.\0002\000\040\000D\000u\000f\000f\000i\000n\000g\000-\000W\000S\127\213\134\017\116\026\165\114\177\121\176\334\127\372\147\054\122\250\122\233\133\146\162\171\140\047\170\024\172\166}{chapter.3}% 27
\BOOKMARK [2][-]{subsection.3.2.1}{\376\377\0003\000.\0002\000.\0001\000\040\122\006\134\224\126\376\122\006\147\220}{section.3.2}% 28
\BOOKMARK [2][-]{subsection.3.2.2}{\376\377\0003\000.\0002\000.\0002\000\040\127\372\116\216\000L\000E\143\007\145\160\166\204\155\367\154\214\122\250\122\233\133\146\122\006\147\220}{section.3.2}% 29
\BOOKMARK [2][-]{subsection.3.2.3}{\376\377\0003\000.\0002\000.\0003\000\040\200\046\124\010\137\072\136\246\133\371\155\367\154\214\166\204\137\161\124\315}{section.3.2}% 30
\BOOKMARK [2][-]{subsection.3.2.4}{\376\377\0003\000.\0002\000.\0004\000\040\124\014\153\145\140\047\122\006\147\220}{section.3.2}% 31
\BOOKMARK [1][-]{section.3.3}{\376\377\0003\000.\0003\000\040\134\017\176\323}{chapter.3}% 32
\BOOKMARK [0][-]{chapter.4}{\376\377\173\054\0004\172\340\000\040\000\040\155\367\154\214\117\341\123\367\166\204\172\000\165\217\221\315\147\204\173\227\154\325}{}% 33
\BOOKMARK [1][-]{section.4.1}{\376\377\0004\000.\0001\000\040\127\372\116\216\172\000\165\217\221\315\147\204\166\204\155\367\154\214\117\341\123\367\221\315\147\204\173\227\154\325}{chapter.4}% 34
\BOOKMARK [1][-]{section.4.2}{\376\377\0004\000.\0002\000\040\116\377\167\037\122\006\147\220}{chapter.4}% 35
\BOOKMARK [1][-]{section.4.3}{\376\377\0004\000.\0003\000\040\134\017\176\323}{chapter.4}% 36
\BOOKMARK [0][-]{chapter.5}{\376\377\173\054\0005\172\340\000\040\000\040\176\323\213\272}{}% 37
\BOOKMARK [0][-]{section*.35}{\376\377\123\302\200\003\145\207\163\056}{}% 38
\BOOKMARK [0][-]{appendix*.36}{\376\377\201\364\214\042}{}% 39
